<?xml version="1.0" encoding="UTF-8"?>
<testsuite xmlns:xsi="http://www.w3.org/2001/XMLSchema-instance" xsi:noNamespaceSchemaLocation="https://maven.apache.org/surefire/maven-surefire-plugin/xsd/surefire-test-report-3.0.xsd" version="3.0" name="security.service.SecurityServiceTest" time="0.925" tests="15" errors="0" skipped="0" failures="0">
  <properties>
    <property name="sun.desktop" value="windows"/>
    <property name="awt.toolkit" value="sun.awt.windows.WToolkit"/>
    <property name="java.specification.version" value="11"/>
    <property name="sun.cpu.isalist" value="amd64"/>
    <property name="sun.jnu.encoding" value="Cp1252"/>
    <property name="java.class.path" value="E:\Java\cd0384-java-application-deployment\cd0384-java-application-deployment-projectstarter-master\starter\catpoint-parent\securitymodule\target\test-classes;E:\Java\cd0384-java-application-deployment\cd0384-java-application-deployment-projectstarter-master\starter\catpoint-parent\securitymodule\target\classes;C:\Users\Tu Hoang\.m2\repository\com\google\guava\guava\31.1-jre\guava-31.1-jre.jar;C:\Users\Tu Hoang\.m2\repository\com\google\guava\failureaccess\1.0.1\failureaccess-1.0.1.jar;C:\Users\Tu Hoang\.m2\repository\com\google\guava\listenablefuture\9999.0-empty-to-avoid-conflict-with-guava\listenablefuture-9999.0-empty-to-avoid-conflict-with-guava.jar;C:\Users\Tu Hoang\.m2\repository\com\google\code\findbugs\jsr305\3.0.2\jsr305-3.0.2.jar;C:\Users\Tu Hoang\.m2\repository\org\checkerframework\checker-qual\3.12.0\checker-qual-3.12.0.jar;C:\Users\Tu Hoang\.m2\repository\com\google\errorprone\error_prone_annotations\2.11.0\error_prone_annotations-2.11.0.jar;C:\Users\Tu Hoang\.m2\repository\com\google\j2objc\j2objc-annotations\1.3\j2objc-annotations-1.3.jar;E:\Java\cd0384-java-application-deployment\cd0384-java-application-deployment-projectstarter-master\starter\catpoint-parent\imagemodule\target\classes;C:\Users\Tu Hoang\.m2\repository\software\amazon\awssdk\protocol-core\2.18.22\protocol-core-2.18.22.jar;C:\Users\Tu Hoang\.m2\repository\software\amazon\awssdk\sdk-core\2.18.22\sdk-core-2.18.22.jar;C:\Users\Tu Hoang\.m2\repository\software\amazon\awssdk\endpoints-spi\2.18.22\endpoints-spi-2.18.22.jar;C:\Users\Tu Hoang\.m2\repository\org\reactivestreams\reactive-streams\1.0.3\reactive-streams-1.0.3.jar;C:\Users\Tu Hoang\.m2\repository\software\amazon\awssdk\annotations\2.18.22\annotations-2.18.22.jar;C:\Users\Tu Hoang\.m2\repository\software\amazon\awssdk\utils\2.18.22\utils-2.18.22.jar;C:\Users\Tu Hoang\.m2\repository\software\amazon\awssdk\http-client-spi\2.18.22\http-client-spi-2.18.22.jar;C:\Users\Tu Hoang\.m2\repository\software\amazon\awssdk\auth\2.18.31\auth-2.18.31.jar;C:\Users\Tu Hoang\.m2\repository\software\amazon\awssdk\regions\2.18.31\regions-2.18.31.jar;C:\Users\Tu Hoang\.m2\repository\software\amazon\awssdk\profiles\2.18.31\profiles-2.18.31.jar;C:\Users\Tu Hoang\.m2\repository\software\amazon\awssdk\json-utils\2.18.31\json-utils-2.18.31.jar;C:\Users\Tu Hoang\.m2\repository\software\amazon\awssdk\third-party-jackson-core\2.18.31\third-party-jackson-core-2.18.31.jar;C:\Users\Tu Hoang\.m2\repository\software\amazon\eventstream\eventstream\1.0.1\eventstream-1.0.1.jar;C:\Users\Tu Hoang\.m2\repository\software\amazon\awssdk\rekognition\2.18.22\rekognition-2.18.22.jar;C:\Users\Tu Hoang\.m2\repository\software\amazon\awssdk\aws-json-protocol\2.18.22\aws-json-protocol-2.18.22.jar;C:\Users\Tu Hoang\.m2\repository\software\amazon\awssdk\aws-core\2.18.22\aws-core-2.18.22.jar;C:\Users\Tu Hoang\.m2\repository\software\amazon\awssdk\metrics-spi\2.18.22\metrics-spi-2.18.22.jar;C:\Users\Tu Hoang\.m2\repository\software\amazon\awssdk\apache-client\2.18.22\apache-client-2.18.22.jar;C:\Users\Tu Hoang\.m2\repository\org\apache\httpcomponents\httpclient\4.5.13\httpclient-4.5.13.jar;C:\Users\Tu Hoang\.m2\repository\commons-logging\commons-logging\1.2\commons-logging-1.2.jar;C:\Users\Tu Hoang\.m2\repository\commons-codec\commons-codec\1.11\commons-codec-1.11.jar;C:\Users\Tu Hoang\.m2\repository\org\apache\httpcomponents\httpcore\4.4.13\httpcore-4.4.13.jar;C:\Users\Tu Hoang\.m2\repository\software\amazon\awssdk\netty-nio-client\2.18.22\netty-nio-client-2.18.22.jar;C:\Users\Tu Hoang\.m2\repository\io\netty\netty-codec-http\4.1.77.Final\netty-codec-http-4.1.77.Final.jar;C:\Users\Tu Hoang\.m2\repository\io\netty\netty-codec-http2\4.1.77.Final\netty-codec-http2-4.1.77.Final.jar;C:\Users\Tu Hoang\.m2\repository\io\netty\netty-codec\4.1.77.Final\netty-codec-4.1.77.Final.jar;C:\Users\Tu Hoang\.m2\repository\io\netty\netty-transport\4.1.77.Final\netty-transport-4.1.77.Final.jar;C:\Users\Tu Hoang\.m2\repository\io\netty\netty-resolver\4.1.77.Final\netty-resolver-4.1.77.Final.jar;C:\Users\Tu Hoang\.m2\repository\io\netty\netty-common\4.1.77.Final\netty-common-4.1.77.Final.jar;C:\Users\Tu Hoang\.m2\repository\io\netty\netty-buffer\4.1.77.Final\netty-buffer-4.1.77.Final.jar;C:\Users\Tu Hoang\.m2\repository\io\netty\netty-handler\4.1.77.Final\netty-handler-4.1.77.Final.jar;C:\Users\Tu Hoang\.m2\repository\io\netty\netty-transport-classes-epoll\4.1.77.Final\netty-transport-classes-epoll-4.1.77.Final.jar;C:\Users\Tu Hoang\.m2\repository\io\netty\netty-transport-native-unix-common\4.1.77.Final\netty-transport-native-unix-common-4.1.77.Final.jar;C:\Users\Tu Hoang\.m2\repository\org\slf4j\slf4j-api\2.0.3\slf4j-api-2.0.3.jar;C:\Users\Tu Hoang\.m2\repository\org\junit\jupiter\junit-jupiter-params\5.7.2\junit-jupiter-params-5.7.2.jar;C:\Users\Tu Hoang\.m2\repository\org\apiguardian\apiguardian-api\1.1.0\apiguardian-api-1.1.0.jar;C:\Users\Tu Hoang\.m2\repository\org\mockito\mockito-junit-jupiter\4.0.0\mockito-junit-jupiter-4.0.0.jar;C:\Users\Tu Hoang\.m2\repository\org\mockito\mockito-core\4.0.0\mockito-core-4.0.0.jar;C:\Users\Tu Hoang\.m2\repository\net\bytebuddy\byte-buddy\1.11.19\byte-buddy-1.11.19.jar;C:\Users\Tu Hoang\.m2\repository\net\bytebuddy\byte-buddy-agent\1.11.19\byte-buddy-agent-1.11.19.jar;C:\Users\Tu Hoang\.m2\repository\org\objenesis\objenesis\3.2\objenesis-3.2.jar;C:\Users\Tu Hoang\.m2\repository\com\google\code\gson\gson\2.9.0\gson-2.9.0.jar;C:\Users\Tu Hoang\.m2\repository\com\miglayout\miglayout\3.5.5\miglayout-3.5.5.jar;C:\Users\Tu Hoang\.m2\repository\org\junit\jupiter\junit-jupiter-api\5.8.2\junit-jupiter-api-5.8.2.jar;C:\Users\Tu Hoang\.m2\repository\org\opentest4j\opentest4j\1.2.0\opentest4j-1.2.0.jar;C:\Users\Tu Hoang\.m2\repository\org\junit\platform\junit-platform-commons\1.8.2\junit-platform-commons-1.8.2.jar;"/>
    <property name="java.vm.vendor" value="Oracle Corporation"/>
    <property name="sun.arch.data.model" value="64"/>
    <property name="user.variant" value=""/>
    <property name="java.vendor.url" value="https://openjdk.java.net/"/>
    <property name="user.timezone" value="Asia/Bangkok"/>
    <property name="java.vm.specification.version" value="11"/>
    <property name="os.name" value="Windows 10"/>
    <property name="sun.java.launcher" value="SUN_STANDARD"/>
    <property name="user.country" value="US"/>
    <property name="sun.boot.library.path" value="D:\Java\jdk\bin"/>
    <property name="sun.java.command" value="C:\Users\Tu Hoang\AppData\Local\Temp\surefire2977038463784242261\surefirebooter8017394223601885829.jar C:\Users\Tu Hoang\AppData\Local\Temp\surefire2977038463784242261 2022-12-29T00-36-20_793-jvmRun1 surefire15125482495704929513tmp surefire_03787946013799516652tmp"/>
    <property name="jdk.debug" value="release"/>
    <property name="surefire.test.class.path" value="E:\Java\cd0384-java-application-deployment\cd0384-java-application-deployment-projectstarter-master\starter\catpoint-parent\securitymodule\target\test-classes;E:\Java\cd0384-java-application-deployment\cd0384-java-application-deployment-projectstarter-master\starter\catpoint-parent\securitymodule\target\classes;C:\Users\Tu Hoang\.m2\repository\com\google\guava\guava\31.1-jre\guava-31.1-jre.jar;C:\Users\Tu Hoang\.m2\repository\com\google\guava\failureaccess\1.0.1\failureaccess-1.0.1.jar;C:\Users\Tu Hoang\.m2\repository\com\google\guava\listenablefuture\9999.0-empty-to-avoid-conflict-with-guava\listenablefuture-9999.0-empty-to-avoid-conflict-with-guava.jar;C:\Users\Tu Hoang\.m2\repository\com\google\code\findbugs\jsr305\3.0.2\jsr305-3.0.2.jar;C:\Users\Tu Hoang\.m2\repository\org\checkerframework\checker-qual\3.12.0\checker-qual-3.12.0.jar;C:\Users\Tu Hoang\.m2\repository\com\google\errorprone\error_prone_annotations\2.11.0\error_prone_annotations-2.11.0.jar;C:\Users\Tu Hoang\.m2\repository\com\google\j2objc\j2objc-annotations\1.3\j2objc-annotations-1.3.jar;E:\Java\cd0384-java-application-deployment\cd0384-java-application-deployment-projectstarter-master\starter\catpoint-parent\imagemodule\target\classes;C:\Users\Tu Hoang\.m2\repository\software\amazon\awssdk\protocol-core\2.18.22\protocol-core-2.18.22.jar;C:\Users\Tu Hoang\.m2\repository\software\amazon\awssdk\sdk-core\2.18.22\sdk-core-2.18.22.jar;C:\Users\Tu Hoang\.m2\repository\software\amazon\awssdk\endpoints-spi\2.18.22\endpoints-spi-2.18.22.jar;C:\Users\Tu Hoang\.m2\repository\org\reactivestreams\reactive-streams\1.0.3\reactive-streams-1.0.3.jar;C:\Users\Tu Hoang\.m2\repository\software\amazon\awssdk\annotations\2.18.22\annotations-2.18.22.jar;C:\Users\Tu Hoang\.m2\repository\software\amazon\awssdk\utils\2.18.22\utils-2.18.22.jar;C:\Users\Tu Hoang\.m2\repository\software\amazon\awssdk\http-client-spi\2.18.22\http-client-spi-2.18.22.jar;C:\Users\Tu Hoang\.m2\repository\software\amazon\awssdk\auth\2.18.31\auth-2.18.31.jar;C:\Users\Tu Hoang\.m2\repository\software\amazon\awssdk\regions\2.18.31\regions-2.18.31.jar;C:\Users\Tu Hoang\.m2\repository\software\amazon\awssdk\profiles\2.18.31\profiles-2.18.31.jar;C:\Users\Tu Hoang\.m2\repository\software\amazon\awssdk\json-utils\2.18.31\json-utils-2.18.31.jar;C:\Users\Tu Hoang\.m2\repository\software\amazon\awssdk\third-party-jackson-core\2.18.31\third-party-jackson-core-2.18.31.jar;C:\Users\Tu Hoang\.m2\repository\software\amazon\eventstream\eventstream\1.0.1\eventstream-1.0.1.jar;C:\Users\Tu Hoang\.m2\repository\software\amazon\awssdk\rekognition\2.18.22\rekognition-2.18.22.jar;C:\Users\Tu Hoang\.m2\repository\software\amazon\awssdk\aws-json-protocol\2.18.22\aws-json-protocol-2.18.22.jar;C:\Users\Tu Hoang\.m2\repository\software\amazon\awssdk\aws-core\2.18.22\aws-core-2.18.22.jar;C:\Users\Tu Hoang\.m2\repository\software\amazon\awssdk\metrics-spi\2.18.22\metrics-spi-2.18.22.jar;C:\Users\Tu Hoang\.m2\repository\software\amazon\awssdk\apache-client\2.18.22\apache-client-2.18.22.jar;C:\Users\Tu Hoang\.m2\repository\org\apache\httpcomponents\httpclient\4.5.13\httpclient-4.5.13.jar;C:\Users\Tu Hoang\.m2\repository\commons-logging\commons-logging\1.2\commons-logging-1.2.jar;C:\Users\Tu Hoang\.m2\repository\commons-codec\commons-codec\1.11\commons-codec-1.11.jar;C:\Users\Tu Hoang\.m2\repository\org\apache\httpcomponents\httpcore\4.4.13\httpcore-4.4.13.jar;C:\Users\Tu Hoang\.m2\repository\software\amazon\awssdk\netty-nio-client\2.18.22\netty-nio-client-2.18.22.jar;C:\Users\Tu Hoang\.m2\repository\io\netty\netty-codec-http\4.1.77.Final\netty-codec-http-4.1.77.Final.jar;C:\Users\Tu Hoang\.m2\repository\io\netty\netty-codec-http2\4.1.77.Final\netty-codec-http2-4.1.77.Final.jar;C:\Users\Tu Hoang\.m2\repository\io\netty\netty-codec\4.1.77.Final\netty-codec-4.1.77.Final.jar;C:\Users\Tu Hoang\.m2\repository\io\netty\netty-transport\4.1.77.Final\netty-transport-4.1.77.Final.jar;C:\Users\Tu Hoang\.m2\repository\io\netty\netty-resolver\4.1.77.Final\netty-resolver-4.1.77.Final.jar;C:\Users\Tu Hoang\.m2\repository\io\netty\netty-common\4.1.77.Final\netty-common-4.1.77.Final.jar;C:\Users\Tu Hoang\.m2\repository\io\netty\netty-buffer\4.1.77.Final\netty-buffer-4.1.77.Final.jar;C:\Users\Tu Hoang\.m2\repository\io\netty\netty-handler\4.1.77.Final\netty-handler-4.1.77.Final.jar;C:\Users\Tu Hoang\.m2\repository\io\netty\netty-transport-classes-epoll\4.1.77.Final\netty-transport-classes-epoll-4.1.77.Final.jar;C:\Users\Tu Hoang\.m2\repository\io\netty\netty-transport-native-unix-common\4.1.77.Final\netty-transport-native-unix-common-4.1.77.Final.jar;C:\Users\Tu Hoang\.m2\repository\org\slf4j\slf4j-api\2.0.3\slf4j-api-2.0.3.jar;C:\Users\Tu Hoang\.m2\repository\org\junit\jupiter\junit-jupiter-params\5.7.2\junit-jupiter-params-5.7.2.jar;C:\Users\Tu Hoang\.m2\repository\org\apiguardian\apiguardian-api\1.1.0\apiguardian-api-1.1.0.jar;C:\Users\Tu Hoang\.m2\repository\org\mockito\mockito-junit-jupiter\4.0.0\mockito-junit-jupiter-4.0.0.jar;C:\Users\Tu Hoang\.m2\repository\org\mockito\mockito-core\4.0.0\mockito-core-4.0.0.jar;C:\Users\Tu Hoang\.m2\repository\net\bytebuddy\byte-buddy\1.11.19\byte-buddy-1.11.19.jar;C:\Users\Tu Hoang\.m2\repository\net\bytebuddy\byte-buddy-agent\1.11.19\byte-buddy-agent-1.11.19.jar;C:\Users\Tu Hoang\.m2\repository\org\objenesis\objenesis\3.2\objenesis-3.2.jar;C:\Users\Tu Hoang\.m2\repository\com\google\code\gson\gson\2.9.0\gson-2.9.0.jar;C:\Users\Tu Hoang\.m2\repository\com\miglayout\miglayout\3.5.5\miglayout-3.5.5.jar;C:\Users\Tu Hoang\.m2\repository\org\junit\jupiter\junit-jupiter-api\5.8.2\junit-jupiter-api-5.8.2.jar;C:\Users\Tu Hoang\.m2\repository\org\opentest4j\opentest4j\1.2.0\opentest4j-1.2.0.jar;C:\Users\Tu Hoang\.m2\repository\org\junit\platform\junit-platform-commons\1.8.2\junit-platform-commons-1.8.2.jar;"/>
    <property name="sun.cpu.endian" value="little"/>
    <property name="user.home" value="C:\Users\Tu Hoang"/>
    <property name="user.language" value="en"/>
    <property name="java.specification.vendor" value="Oracle Corporation"/>
    <property name="java.version.date" value="2021-07-20"/>
    <property name="java.home" value="D:\Java\jdk"/>
    <property name="file.separator" value="\"/>
    <property name="basedir" value="E:\Java\cd0384-java-application-deployment\cd0384-java-application-deployment-projectstarter-master\starter\catpoint-parent\securitymodule"/>
    <property name="java.vm.compressedOopsMode" value="32-bit"/>
    <property name="line.separator" value="&#10;"/>
    <property name="java.specification.name" value="Java Platform API Specification"/>
    <property name="java.vm.specification.vendor" value="Oracle Corporation"/>
    <property name="java.awt.graphicsenv" value="sun.awt.Win32GraphicsEnvironment"/>
    <property name="surefire.real.class.path" value="C:\Users\Tu Hoang\AppData\Local\Temp\surefire2977038463784242261\surefirebooter8017394223601885829.jar"/>
    <property name="user.script" value=""/>
    <property name="sun.management.compiler" value="HotSpot 64-Bit Tiered Compilers"/>
    <property name="java.runtime.version" value="11.0.12+8-LTS-237"/>
    <property name="user.name" value="Tu Hoang"/>
    <property name="path.separator" value=";"/>
    <property name="os.version" value="10.0"/>
    <property name="java.runtime.name" value="Java(TM) SE Runtime Environment"/>
    <property name="file.encoding" value="Cp1252"/>
    <property name="java.vm.name" value="Java HotSpot(TM) 64-Bit Server VM"/>
    <property name="idea.version2020.1" value="true"/>
    <property name="java.vendor.version" value="18.9"/>
    <property name="localRepository" value="C:\Users\Tu Hoang\.m2\repository"/>
    <property name="java.vendor.url.bug" value="https://bugreport.java.com/bugreport/"/>
    <property name="java.io.tmpdir" value="C:\Users\TUHOAN~1\AppData\Local\Temp\"/>
    <property name="java.version" value="11.0.12"/>
    <property name="user.dir" value="E:\Java\cd0384-java-application-deployment\cd0384-java-application-deployment-projectstarter-master\starter\catpoint-parent\securitymodule"/>
    <property name="os.arch" value="amd64"/>
    <property name="java.vm.specification.name" value="Java Virtual Machine Specification"/>
    <property name="java.awt.printerjob" value="sun.awt.windows.WPrinterJob"/>
    <property name="sun.os.patch.level" value=""/>
    <property name="java.library.path" value="D:\Java\jdk\bin;C:\WINDOWS\Sun\Java\bin;C:\WINDOWS\system32;C:\WINDOWS;&quot;D:\Java\jdk\bin;&quot;;C:\Program Files\Common Files\Oracle\Java\javapath;C:\Program Files (x86)\Common Files\Oracle\Java\javapath;C:\WINDOWS\system32;C:\WINDOWS;C:\WINDOWS\System32\Wbem;C:\WINDOWS\System32\WindowsPowerShell\v1.0\;C:\WINDOWS\System32\OpenSSH\;D:\Git\cmd;D:\NodeJS\;C:\Program Files (x86)\dotnet\;D:\Python\Scripts\;D:\Python\;D:\Java\jdk\bin;D:\Java\jdk8\bin;C:\Users\Tu Hoang\AppData\Roaming\npm;;D:\Microsoft VS Code\bin;%USERPROFILE%\AppData\Local\Microsoft\WindowsApps;."/>
    <property name="java.vendor" value="Oracle Corporation"/>
    <property name="java.vm.info" value="mixed mode"/>
    <property name="java.vm.version" value="11.0.12+8-LTS-237"/>
    <property name="sun.io.unicode.encoding" value="UnicodeLittle"/>
    <property name="java.class.version" value="55.0"/>
  </properties>
  <testcase name="whenAlarmArmedAndSensorActivatedAndStatusPending_setAlarm(ArmingStatus)[1]" classname="security.service.SecurityServiceTest" time="0.778">
    <system-out><![CDATA[Init SecurityService
]]></system-out>
  </testcase>
  <testcase name="whenAlarmArmedAndSensorActivatedAndStatusPending_setAlarm(ArmingStatus)[2]" classname="security.service.SecurityServiceTest" time="0.004">
    <system-out><![CDATA[Init SecurityService
]]></system-out>
  </testcase>
  <testcase name="sensorDeactivated_alarmStateNoChange" classname="security.service.SecurityServiceTest" time="0.005">
    <system-out><![CDATA[Init SecurityService
]]></system-out>
  </testcase>
  <testcase name="sensorActivatedAndStatusPending_changeAlarmState" classname="security.service.SecurityServiceTest" time="0.003">
    <system-out><![CDATA[Init SecurityService
]]></system-out>
  </testcase>
  <testcase name="whenAlarmActive_changeSensorState_notEffectAlarm(boolean)[1]" classname="security.service.SecurityServiceTest" time="0.003">
    <system-out><![CDATA[Init SecurityService
]]></system-out>
  </testcase>
  <testcase name="whenAlarmActive_changeSensorState_notEffectAlarm(boolean)[2]" classname="security.service.SecurityServiceTest" time="0.003">
    <system-out><![CDATA[Init SecurityService
]]></system-out>
  </testcase>
  <testcase name="whenPendingAlarmAndAllSensorsInactive_returnNoAlarm" classname="security.service.SecurityServiceTest" time="0.002">
    <system-out><![CDATA[Init SecurityService
]]></system-out>
  </testcase>
  <testcase name="cameraShowsCat_changeAlarmStatusToAlarm" classname="security.service.SecurityServiceTest" time="0.009">
    <system-out><![CDATA[Init SecurityService
]]></system-out>
  </testcase>
  <testcase name="whenAlarmArmedAndSensorActivated_pendingAlarm(ArmingStatus)[1]" classname="security.service.SecurityServiceTest" time="0.002">
    <system-out><![CDATA[Init SecurityService
]]></system-out>
  </testcase>
  <testcase name="whenAlarmArmedAndSensorActivated_pendingAlarm(ArmingStatus)[2]" classname="security.service.SecurityServiceTest" time="0.003">
    <system-out><![CDATA[Init SecurityService
]]></system-out>
  </testcase>
  <testcase name="imageServiceIdentifiesNoCat_changeStatusNoAlarm" classname="security.service.SecurityServiceTest" time="0.002">
    <system-out><![CDATA[Init SecurityService
]]></system-out>
  </testcase>
  <testcase name="imageServiceIdentifiesCat_setAlarmStatus" classname="security.service.SecurityServiceTest" time="0.002">
    <system-out><![CDATA[Init SecurityService
]]></system-out>
  </testcase>
  <testcase name="systemDisarmed_noAlarm" classname="security.service.SecurityServiceTest" time="0.002">
    <system-out><![CDATA[Init SecurityService
]]></system-out>
  </testcase>
  <testcase name="systemArmed_resetAllSensorsInactive(ArmingStatus)[1]" classname="security.service.SecurityServiceTest" time="0.003">
    <system-out><![CDATA[Init SecurityService
]]></system-out>
  </testcase>
  <testcase name="systemArmed_resetAllSensorsInactive(ArmingStatus)[2]" classname="security.service.SecurityServiceTest" time="0.003">
    <system-out><![CDATA[Init SecurityService
]]></system-out>
  </testcase>
</testsuite>